<?xml version="1.0" encoding="UTF-8"?>
<Site BuildName="(empty)"
	BuildStamp="20240824-0135-Experimental"
	Name="dinhson"
	Generator="ctest-3.16.3"
	CompilerName="/usr/bin/g++"
	CompilerVersion="9.4.0"
	OSName="Linux"
	Hostname="dinhson"
	OSRelease="5.15.0-118-generic"
	OSVersion="#128~20.04.1-Ubuntu SMP Wed Jul 17 13:41:17 UTC 2024"
	OSPlatform="x86_64"
	Is64Bits="1"
	VendorString="GenuineIntel"
	VendorID="Intel Corporation"
	FamilyID="6"
	ModelID="140"
	ProcessorCacheSize="8192"
	NumberOfLogicalCPU="8"
	NumberOfPhysicalCPU="4"
	TotalVirtualMemory="14304"
	TotalPhysicalMemory="7665"
	LogicalProcessorsPerPhysical="2"
	ProcessorClockFrequency="2400"
	>
	<Testing>
		<StartDateTime>Aug 24 08:35 +07</StartDateTime>
		<StartTestTime>1724463327</StartTestTime>
		<TestList/>
		<EndDateTime>Aug 24 08:35 +07</EndDateTime>
		<EndTestTime>1724463327</EndTestTime>
		<ElapsedMinutes>0</ElapsedMinutes>
	</Testing>
</Site>
