<?xml version="1.0" encoding="UTF-8"?>
<Site BuildName="(empty)"
	BuildStamp="20240911-0137-Experimental"
	Name="dinhson"
	Generator="ctest-3.16.3"
	CompilerName="/usr/bin/g++"
	CompilerVersion="9.4.0"
	OSName="Linux"
	Hostname="dinhson"
	OSRelease="5.15.0-119-generic"
	OSVersion="#129~20.04.1-Ubuntu SMP Wed Aug 7 13:07:13 UTC 2024"
	OSPlatform="x86_64"
	Is64Bits="1"
	VendorString="GenuineIntel"
	VendorID="Intel Corporation"
	FamilyID="6"
	ModelID="140"
	ProcessorCacheSize="8192"
	NumberOfLogicalCPU="8"
	NumberOfPhysicalCPU="4"
	TotalVirtualMemory="14304"
	TotalPhysicalMemory="7665"
	LogicalProcessorsPerPhysical="2"
	ProcessorClockFrequency="2554.91"
	>
	<Testing>
		<StartDateTime>Sep 11 08:37 +07</StartDateTime>
		<StartTestTime>1726018628</StartTestTime>
		<TestList/>
		<EndDateTime>Sep 11 08:37 +07</EndDateTime>
		<EndTestTime>1726018628</EndTestTime>
		<ElapsedMinutes>0</ElapsedMinutes>
	</Testing>
</Site>
